\BOOKMARK [0][-]{chapter.1}{\376\377\0001\000\040\000H\000i\000e\000r\000a\000r\000c\000h\000i\000c\000a\000l\000\040\000I\000n\000d\000e\000x}{}% 1
\BOOKMARK [1][-]{section.1.1}{\376\377\0001\000.\0001\000\040\000C\000l\000a\000s\000s\000\040\000H\000i\000e\000r\000a\000r\000c\000h\000y}{chapter.1}% 2
\BOOKMARK [0][-]{chapter.2}{\376\377\0002\000\040\000C\000l\000a\000s\000s\000\040\000I\000n\000d\000e\000x}{}% 3
\BOOKMARK [1][-]{section.2.1}{\376\377\0002\000.\0001\000\040\000C\000l\000a\000s\000s\000\040\000L\000i\000s\000t}{chapter.2}% 4
\BOOKMARK [0][-]{chapter.3}{\376\377\0003\000\040\000F\000i\000l\000e\000\040\000I\000n\000d\000e\000x}{}% 5
\BOOKMARK [1][-]{section.3.1}{\376\377\0003\000.\0001\000\040\000F\000i\000l\000e\000\040\000L\000i\000s\000t}{chapter.3}% 6
\BOOKMARK [0][-]{chapter.4}{\376\377\0004\000\040\000C\000l\000a\000s\000s\000\040\000D\000o\000c\000u\000m\000e\000n\000t\000a\000t\000i\000o\000n}{}% 7
\BOOKMARK [1][-]{section.4.1}{\376\377\0004\000.\0001\000\040\000C\000l\000i\000e\000n\000t\000\040\000C\000l\000a\000s\000s\000\040\000R\000e\000f\000e\000r\000e\000n\000c\000e}{chapter.4}% 8
\BOOKMARK [1][-]{section.4.2}{\376\377\0004\000.\0002\000\040\000c\000l\000i\000e\000n\000t\000H\000o\000m\000e\000P\000a\000g\000e\000\040\000C\000l\000a\000s\000s\000\040\000R\000e\000f\000e\000r\000e\000n\000c\000e}{chapter.4}% 9
\BOOKMARK [1][-]{section.4.3}{\376\377\0004\000.\0003\000\040\000U\000i\000:\000:\000c\000l\000i\000e\000n\000t\000H\000o\000m\000e\000P\000a\000g\000e\000\040\000C\000l\000a\000s\000s\000\040\000R\000e\000f\000e\000r\000e\000n\000c\000e}{chapter.4}% 10
\BOOKMARK [1][-]{section.4.4}{\376\377\0004\000.\0004\000\040\000C\000l\000i\000e\000n\000t\000M\000a\000n\000a\000g\000e\000r\000\040\000C\000l\000a\000s\000s\000\040\000R\000e\000f\000e\000r\000e\000n\000c\000e}{chapter.4}% 11
\BOOKMARK [1][-]{section.4.5}{\376\377\0004\000.\0005\000\040\000M\000a\000i\000n\000W\000i\000n\000d\000o\000w\000\040\000C\000l\000a\000s\000s\000\040\000R\000e\000f\000e\000r\000e\000n\000c\000e}{chapter.4}% 12
\BOOKMARK [1][-]{section.4.6}{\376\377\0004\000.\0006\000\040\000U\000i\000:\000:\000M\000a\000i\000n\000W\000i\000n\000d\000o\000w\000\040\000C\000l\000a\000s\000s\000\040\000R\000e\000f\000e\000r\000e\000n\000c\000e}{chapter.4}% 13
\BOOKMARK [1][-]{section.4.7}{\376\377\0004\000.\0007\000\040\000n\000e\000w\000S\000W\000a\000l\000l\000e\000t\000\040\000C\000l\000a\000s\000s\000\040\000R\000e\000f\000e\000r\000e\000n\000c\000e}{chapter.4}% 14
\BOOKMARK [1][-]{section.4.8}{\376\377\0004\000.\0008\000\040\000U\000i\000:\000:\000n\000e\000w\000S\000W\000a\000l\000l\000e\000t\000\040\000C\000l\000a\000s\000s\000\040\000R\000e\000f\000e\000r\000e\000n\000c\000e}{chapter.4}% 15
\BOOKMARK [1][-]{section.4.9}{\376\377\0004\000.\0009\000\040\000U\000i\000\137\000c\000l\000i\000e\000n\000t\000H\000o\000m\000e\000P\000a\000g\000e\000\040\000C\000l\000a\000s\000s\000\040\000R\000e\000f\000e\000r\000e\000n\000c\000e}{chapter.4}% 16
\BOOKMARK [1][-]{section.4.10}{\376\377\0004\000.\0001\0000\000\040\000U\000i\000\137\000M\000a\000i\000n\000W\000i\000n\000d\000o\000w\000\040\000C\000l\000a\000s\000s\000\040\000R\000e\000f\000e\000r\000e\000n\000c\000e}{chapter.4}% 17
\BOOKMARK [1][-]{section.4.11}{\376\377\0004\000.\0001\0001\000\040\000U\000i\000\137\000n\000e\000w\000S\000W\000a\000l\000l\000e\000t\000\040\000C\000l\000a\000s\000s\000\040\000R\000e\000f\000e\000r\000e\000n\000c\000e}{chapter.4}% 18
\BOOKMARK [0][-]{chapter.5}{\376\377\0005\000\040\000F\000i\000l\000e\000\040\000D\000o\000c\000u\000m\000e\000n\000t\000a\000t\000i\000o\000n}{}% 19
\BOOKMARK [1][-]{section.5.1}{\376\377\0005\000.\0001\000\040\000m\000o\000c\000\137\000p\000r\000e\000d\000e\000f\000s\000.\000h}{chapter.5}% 20
\BOOKMARK [1][-]{section.5.2}{\376\377\0005\000.\0002\000\040\000u\000i\000\137\000c\000l\000i\000e\000n\000t\000h\000o\000m\000e\000p\000a\000g\000e\000.\000h}{chapter.5}% 21
\BOOKMARK [1][-]{section.5.3}{\376\377\0005\000.\0003\000\040\000u\000i\000\137\000m\000a\000i\000n\000w\000i\000n\000d\000o\000w\000.\000h}{chapter.5}% 22
\BOOKMARK [1][-]{section.5.4}{\376\377\0005\000.\0004\000\040\000u\000i\000\137\000n\000e\000w\000s\000w\000a\000l\000l\000e\000t\000.\000h}{chapter.5}% 23
\BOOKMARK [1][-]{section.5.5}{\376\377\0005\000.\0005\000\040\000u\000i\000\137\000n\000e\000w\000w\000a\000l\000l\000e\000t\000.\000h}{chapter.5}% 24
\BOOKMARK [1][-]{section.5.6}{\376\377\0005\000.\0006\000\040\000c\000l\000i\000e\000n\000t\000.\000h}{chapter.5}% 25
\BOOKMARK [1][-]{section.5.7}{\376\377\0005\000.\0007\000\040\000c\000l\000i\000e\000n\000t\000h\000o\000m\000e\000p\000a\000g\000e\000.\000h}{chapter.5}% 26
\BOOKMARK [1][-]{section.5.8}{\376\377\0005\000.\0008\000\040\000c\000l\000i\000e\000n\000t\000m\000a\000n\000a\000g\000e\000r\000.\000h}{chapter.5}% 27
\BOOKMARK [1][-]{section.5.9}{\376\377\0005\000.\0009\000\040\000m\000a\000i\000n\000w\000i\000n\000d\000o\000w\000.\000h}{chapter.5}% 28
\BOOKMARK [1][-]{section.5.10}{\376\377\0005\000.\0001\0000\000\040\000n\000e\000w\000s\000w\000a\000l\000l\000e\000t\000.\000h}{chapter.5}% 29
\BOOKMARK [0][-]{section*.20}{\376\377\000I\000n\000d\000e\000x}{}% 30
